c:\users\micha\downloads\os_simulator (3)\msvc\kernel\x64\debug\vc141.pdb
c:\users\micha\downloads\os_simulator (3)\msvc\kernel\x64\debug\vc141.idb
c:\users\micha\downloads\os_simulator (3)\msvc\kernel\x64\debug\dllmain.obj
c:\users\micha\downloads\os_simulator (3)\msvc\kernel\x64\debug\handles.obj
c:\users\micha\downloads\os_simulator (3)\msvc\kernel\x64\debug\io.obj
c:\users\micha\downloads\os_simulator (3)\msvc\kernel\x64\debug\kernel.obj
c:\users\micha\downloads\os_simulator (3)\compiled\kernel.lib
c:\users\micha\downloads\os_simulator (3)\compiled\kernel.exp
c:\users\micha\downloads\os_simulator (3)\compiled\kernel.ipdb
c:\users\micha\downloads\os_simulator (3)\compiled\kernel.iobj
c:\users\micha\downloads\os_simulator (3)\compiled\kernel.ilk
c:\users\micha\downloads\os_simulator (3)\compiled\kernel.dll
c:\users\micha\downloads\os_simulator (3)\compiled\lnk{58578b35-3823-44b7-8f9d-808288fa91f7}.tmp
c:\users\micha\downloads\os_simulator (3)\compiled\kernel.pdb
c:\users\micha\downloads\os_simulator (3)\msvc\kernel\..\..\compiled\kernel.dll
c:\users\micha\downloads\os_simulator (3)\msvc\kernel\x64\debug\kernel.tlog\cl.command.1.tlog
c:\users\micha\downloads\os_simulator (3)\msvc\kernel\x64\debug\kernel.tlog\cl.read.1.tlog
c:\users\micha\downloads\os_simulator (3)\msvc\kernel\x64\debug\kernel.tlog\cl.write.1.tlog
c:\users\micha\downloads\os_simulator (3)\msvc\kernel\x64\debug\kernel.tlog\kernel.write.1u.tlog
c:\users\micha\downloads\os_simulator (3)\msvc\kernel\x64\debug\kernel.tlog\link.command.1.tlog
c:\users\micha\downloads\os_simulator (3)\msvc\kernel\x64\debug\kernel.tlog\link.delete.1.tlog
c:\users\micha\downloads\os_simulator (3)\msvc\kernel\x64\debug\kernel.tlog\link.read.1.tlog
c:\users\micha\downloads\os_simulator (3)\msvc\kernel\x64\debug\kernel.tlog\link.write.1.tlog
