c:\users\micha\downloads\os_simulator (3)\msvc\user\x64\debug\vc141.pdb
c:\users\micha\downloads\os_simulator (3)\msvc\user\x64\debug\vc141.idb
c:\users\micha\downloads\os_simulator (3)\msvc\user\x64\debug\dllmain.obj
c:\users\micha\downloads\os_simulator (3)\msvc\user\x64\debug\rtl.obj
c:\users\micha\downloads\os_simulator (3)\msvc\user\x64\debug\shell.obj
c:\users\micha\downloads\os_simulator (3)\compiled\user.lib
c:\users\micha\downloads\os_simulator (3)\compiled\user.exp
c:\users\micha\downloads\os_simulator (3)\compiled\user.ipdb
c:\users\micha\downloads\os_simulator (3)\compiled\user.iobj
c:\users\micha\downloads\os_simulator (3)\msvc\user\..\..\compiled\user.dll
c:\users\micha\downloads\os_simulator (3)\msvc\user\x64\debug\user.tlog\cl.command.1.tlog
c:\users\micha\downloads\os_simulator (3)\msvc\user\x64\debug\user.tlog\cl.read.1.tlog
c:\users\micha\downloads\os_simulator (3)\msvc\user\x64\debug\user.tlog\cl.write.1.tlog
c:\users\micha\downloads\os_simulator (3)\msvc\user\x64\debug\user.tlog\link.2668.read.1.tlog
c:\users\micha\downloads\os_simulator (3)\msvc\user\x64\debug\user.tlog\link.2668.write.1.tlog
c:\users\micha\downloads\os_simulator (3)\msvc\user\x64\debug\user.tlog\link.command.1.tlog
c:\users\micha\downloads\os_simulator (3)\msvc\user\x64\debug\user.tlog\link.delete.1.tlog
c:\users\micha\downloads\os_simulator (3)\msvc\user\x64\debug\user.tlog\link.read.1.tlog
c:\users\micha\downloads\os_simulator (3)\msvc\user\x64\debug\user.tlog\link.write.1.tlog
c:\users\micha\downloads\os_simulator (3)\msvc\user\x64\debug\user.tlog\user.write.1u.tlog
